This is pdfTeX, Version 3.141592653-2.6-1.40.24 (TeX Live 2022) (preloaded format=pdflatex 2024.7.28)  25 NOV 2024 06:41
entering extended mode
 restricted \write18 enabled.
 %&-line parsing enabled.
**Bapmcm24212061.tex
(./Bapmcm24212061.tex
LaTeX2e <2021-11-15> patch level 1
L3 programming layer <2022-02-24> (./apmcmthesis.cls
Document Class: apmcmthesis 2019/11/11 v1.0 LaTeX Template for APMCM
(e:/texlive/2022/texmf-dist/tex/latex/base/article.cls
Document Class: article 2021/10/04 v1.4n Standard LaTeX document class
(e:/texlive/2022/texmf-dist/tex/latex/base/size12.clo
File: size12.clo 2021/10/04 v1.4n Standard LaTeX file (size option)
)
\c@part=\count185
\c@section=\count186
\c@subsection=\count187
\c@subsubsection=\count188
\c@paragraph=\count189
\c@subparagraph=\count190
\c@figure=\count191
\c@table=\count192
\abovecaptionskip=\skip47
\belowcaptionskip=\skip48
\bibindent=\dimen138
)
(e:/texlive/2022/texmf-dist/tex/generic/iftex/ifxetex.sty
Package: ifxetex 2019/10/25 v0.7 ifxetex legacy package. Use iftex instead.

(e:/texlive/2022/texmf-dist/tex/generic/iftex/iftex.sty
Package: iftex 2022/02/03 v1.0f TeX engine tests
))
(e:/texlive/2022/texmf-dist/tex/latex/geometry/geometry.sty
Package: geometry 2020/01/02 v5.9 Page Geometry

(e:/texlive/2022/texmf-dist/tex/latex/graphics/keyval.sty
Package: keyval 2014/10/28 v1.15 key=value parser (DPC)
\KV@toks@=\toks16
)
(e:/texlive/2022/texmf-dist/tex/generic/iftex/ifvtex.sty
Package: ifvtex 2019/10/25 v1.7 ifvtex legacy package. Use iftex instead.
)
\Gm@cnth=\count193
\Gm@cntv=\count194
\c@Gm@tempcnt=\count195
\Gm@bindingoffset=\dimen139
\Gm@wd@mp=\dimen140
\Gm@odd@mp=\dimen141
\Gm@even@mp=\dimen142
\Gm@layoutwidth=\dimen143
\Gm@layoutheight=\dimen144
\Gm@layouthoffset=\dimen145
\Gm@layoutvoffset=\dimen146
\Gm@dimlist=\toks17
)
(e:/texlive/2022/texmf-dist/tex/latex/amsmath/amsmath.sty
Package: amsmath 2021/10/15 v2.17l AMS math features
\@mathmargin=\skip49

For additional information on amsmath, use the `?' option.
(e:/texlive/2022/texmf-dist/tex/latex/amsmath/amstext.sty
Package: amstext 2021/08/26 v2.01 AMS text

(e:/texlive/2022/texmf-dist/tex/latex/amsmath/amsgen.sty
File: amsgen.sty 1999/11/30 v2.0 generic functions
\@emptytoks=\toks18
\ex@=\dimen147
))
(e:/texlive/2022/texmf-dist/tex/latex/amsmath/amsbsy.sty
Package: amsbsy 1999/11/29 v1.2d Bold Symbols
\pmbraise@=\dimen148
)
(e:/texlive/2022/texmf-dist/tex/latex/amsmath/amsopn.sty
Package: amsopn 2021/08/26 v2.02 operator names
)
\inf@bad=\count196
LaTeX Info: Redefining \frac on input line 234.
\uproot@=\count197
\leftroot@=\count198
LaTeX Info: Redefining \overline on input line 399.
\classnum@=\count199
\DOTSCASE@=\count266
LaTeX Info: Redefining \ldots on input line 496.
LaTeX Info: Redefining \dots on input line 499.
LaTeX Info: Redefining \cdots on input line 620.
\Mathstrutbox@=\box50
\strutbox@=\box51
\big@size=\dimen149
LaTeX Font Info:    Redeclaring font encoding OML on input line 743.
LaTeX Font Info:    Redeclaring font encoding OMS on input line 744.
\macc@depth=\count267
\c@MaxMatrixCols=\count268
\dotsspace@=\muskip16
\c@parentequation=\count269
\dspbrk@lvl=\count270
\tag@help=\toks19
\row@=\count271
\column@=\count272
\maxfields@=\count273
\andhelp@=\toks20
\eqnshift@=\dimen150
\alignsep@=\dimen151
\tagshift@=\dimen152
\tagwidth@=\dimen153
\totwidth@=\dimen154
\lineht@=\dimen155
\@envbody=\toks21
\multlinegap=\skip50
\multlinetaggap=\skip51
\mathdisplay@stack=\toks22
LaTeX Info: Redefining \[ on input line 2938.
LaTeX Info: Redefining \] on input line 2939.
)
(e:/texlive/2022/texmf-dist/tex/latex/amsfonts/amsfonts.sty
Package: amsfonts 2013/01/14 v3.01 Basic AMSFonts support
\symAMSa=\mathgroup4
\symAMSb=\mathgroup5
LaTeX Font Info:    Redeclaring math symbol \hbar on input line 98.
LaTeX Font Info:    Overwriting math alphabet `\mathfrak' in version `bold'
(Font)                  U/euf/m/n --> U/euf/b/n on input line 106.
)
(e:/texlive/2022/texmf-dist/tex/latex/amsfonts/amssymb.sty
Package: amssymb 2013/01/14 v3.01 AMS font symbols
)
(e:/texlive/2022/texmf-dist/tex/latex/tools/bm.sty
Package: bm 2021/04/25 v1.2e Bold Symbol Support (DPC/FMi)
\symboldoperators=\mathgroup6
\symboldletters=\mathgroup7
\symboldsymbols=\mathgroup8
Package bm Info: No bold for \OMX/cmex/m/n, using \pmb.
Package bm Info: No bold for \U/msa/m/n, using \pmb.
Package bm Info: No bold for \U/msb/m/n, using \pmb.
LaTeX Font Info:    Redeclaring math alphabet \mathbf on input line 149.
)
(e:/texlive/2022/texmf-dist/tex/latex/titlesec/titlesec.sty
Package: titlesec 2021/07/05 v2.14 Sectioning titles
\ttl@box=\box52
\beforetitleunit=\skip52
\aftertitleunit=\skip53
\ttl@plus=\dimen156
\ttl@minus=\dimen157
\ttl@toksa=\toks23
\titlewidth=\dimen158
\titlewidthlast=\dimen159
\titlewidthfirst=\dimen160
)
(e:/texlive/2022/texmf-dist/tex/latex/titlesec/titletoc.sty
Package: titletoc 2021/07/05 v2.14 TOC entries
\ttl@leftsep=\dimen161
)
(e:/texlive/2022/texmf-dist/tex/latex/xcolor/xcolor.sty
Package: xcolor 2021/10/31 v2.13 LaTeX color extensions (UK)

(e:/texlive/2022/texmf-dist/tex/latex/graphics-cfg/color.cfg
File: color.cfg 2016/01/02 v1.6 sample color configuration
)
Package xcolor Info: Driver file: pdftex.def on input line 227.

(e:/texlive/2022/texmf-dist/tex/latex/graphics-def/pdftex.def
File: pdftex.def 2020/10/05 v1.2a Graphics/color driver for pdftex
)
Package xcolor Info: Model `cmy' substituted by `cmy0' on input line 1352.
Package xcolor Info: Model `hsb' substituted by `rgb' on input line 1356.
Package xcolor Info: Model `RGB' extended on input line 1368.
Package xcolor Info: Model `HTML' substituted by `rgb' on input line 1370.
Package xcolor Info: Model `Hsb' substituted by `hsb' on input line 1371.
Package xcolor Info: Model `tHsb' substituted by `hsb' on input line 1372.
Package xcolor Info: Model `HSB' substituted by `hsb' on input line 1373.
Package xcolor Info: Model `Gray' substituted by `gray' on input line 1374.
Package xcolor Info: Model `wave' substituted by `hsb' on input line 1375.

(e:/texlive/2022/texmf-dist/tex/latex/graphics/dvipsnam.def
File: dvipsnam.def 2016/06/17 v3.0m Driver-dependent file (DPC,SPQR)
)
(e:/texlive/2022/texmf-dist/tex/latex/xcolor/svgnam.def
File: svgnam.def 2021/10/31 v2.13 Predefined colors according to SVG 1.1 (UK)
)
(e:/texlive/2022/texmf-dist/tex/latex/xcolor/x11nam.def
File: x11nam.def 2021/10/31 v2.13 Predefined colors according to Unix/X11 (UK)
))
(e:/texlive/2022/texmf-dist/tex/latex/graphics/graphicx.sty
Package: graphicx 2021/09/16 v1.2d Enhanced LaTeX Graphics (DPC,SPQR)

(e:/texlive/2022/texmf-dist/tex/latex/graphics/graphics.sty
Package: graphics 2021/03/04 v1.4d Standard LaTeX Graphics (DPC,SPQR)

(e:/texlive/2022/texmf-dist/tex/latex/graphics/trig.sty
Package: trig 2021/08/11 v1.11 sin cos tan (DPC)
)
(e:/texlive/2022/texmf-dist/tex/latex/graphics-cfg/graphics.cfg
File: graphics.cfg 2016/06/04 v1.11 sample graphics configuration
)
Package graphics Info: Driver file: pdftex.def on input line 107.
)
\Gin@req@height=\dimen162
\Gin@req@width=\dimen163
)
(e:/texlive/2022/texmf-dist/tex/latex/tools/array.sty
Package: array 2021/10/04 v2.5f Tabular extension package (FMi)
\col@sep=\dimen164
\ar@mcellbox=\box53
\extrarowheight=\dimen165
\NC@list=\toks24
\extratabsurround=\skip54
\backup@length=\skip55
\ar@cellbox=\box54
)
(e:/texlive/2022/texmf-dist/tex/latex/lastpage/lastpage.sty
Package: lastpage 2021/09/03 v1.2n Refers to last page's name (HMM; JPG)
)
(e:/texlive/2022/texmf-dist/tex/latex/tools/longtable.sty
Package: longtable 2021-09-01 v4.17 Multi-page Table package (DPC)
\LTleft=\skip56
\LTright=\skip57
\LTpre=\skip58
\LTpost=\skip59
\LTchunksize=\count274
\LTcapwidth=\dimen166
\LT@head=\box55
\LT@firsthead=\box56
\LT@foot=\box57
\LT@lastfoot=\box58
\LT@gbox=\box59
\LT@cols=\count275
\LT@rows=\count276
\c@LT@tables=\count277
\c@LT@chunks=\count278
\LT@p@ftn=\toks25
)
(e:/texlive/2022/texmf-dist/tex/latex/tools/tabularx.sty
Package: tabularx 2020/01/15 v2.11c `tabularx' package (DPC)
\TX@col@width=\dimen167
\TX@old@table=\dimen168
\TX@old@col=\dimen169
\TX@target=\dimen170
\TX@delta=\dimen171
\TX@cols=\count279
\TX@ftn=\toks26
)
(e:/texlive/2022/texmf-dist/tex/latex/booktabs/booktabs.sty
Package: booktabs 2020/01/12 v1.61803398 Publication quality tables
\heavyrulewidth=\dimen172
\lightrulewidth=\dimen173
\cmidrulewidth=\dimen174
\belowrulesep=\dimen175
\belowbottomsep=\dimen176
\aboverulesep=\dimen177
\abovetopsep=\dimen178
\cmidrulesep=\dimen179
\cmidrulekern=\dimen180
\defaultaddspace=\dimen181
\@cmidla=\count280
\@cmidlb=\count281
\@aboverulesep=\dimen182
\@belowrulesep=\dimen183
\@thisruleclass=\count282
\@lastruleclass=\count283
\@thisrulewidth=\dimen184
)
(e:/texlive/2022/texmf-dist/tex/latex/multirow/multirow.sty
Package: multirow 2021/03/15 v2.8 Span multiple rows of a table
\multirow@colwidth=\skip60
\multirow@cntb=\count284
\multirow@dima=\skip61
\bigstrutjot=\dimen185
)
(e:/texlive/2022/texmf-dist/tex/latex/multirow/bigstrut.sty
Package: bigstrut 2021/03/15 v2.8 Provide larger struts in tabulars
)
(e:/texlive/2022/texmf-dist/tex/latex/cprotect/cprotect.sty
Package: cprotect 2011/01/27 v1.0e (Bruno Le Floch)

(e:/texlive/2022/texmf-dist/tex/latex/base/ifthen.sty
Package: ifthen 2020/11/24 v1.1c Standard LaTeX ifthen package (DPC)
)
(e:/texlive/2022/texmf-dist/tex/latex/bigfoot/suffix.sty
Package: suffix 2006/07/15 1.5a Variant command support
)
\CPT@WriteOut=\write3
\c@CPT@WriteCount=\count285
\c@CPT@numB=\count286
\CPT@commandatend@toks=\toks27
)
(e:/texlive/2022/texmf-dist/tex/latex/listings/listings.sty
\lst@mode=\count287
\lst@gtempboxa=\box60
\lst@token=\toks28
\lst@length=\count288
\lst@currlwidth=\dimen186
\lst@column=\count289
\lst@pos=\count290
\lst@lostspace=\dimen187
\lst@width=\dimen188
\lst@newlines=\count291
\lst@lineno=\count292
\lst@maxwidth=\dimen189

(e:/texlive/2022/texmf-dist/tex/latex/listings/lstmisc.sty
File: lstmisc.sty 2020/03/24 1.8d (Carsten Heinz)
\c@lstnumber=\count293
\lst@skipnumbers=\count294
\lst@framebox=\box61
)
(e:/texlive/2022/texmf-dist/tex/latex/listings/listings.cfg
File: listings.cfg 2020/03/24 1.8d listings configuration
))
Package: listings 2020/03/24 1.8d (Carsten Heinz)

(e:/texlive/2022/texmf-dist/tex/latex/cjk/texinput/CJK.sty
Package: CJK 2021/10/16 4.8.5

(e:/texlive/2022/texmf-dist/tex/latex/cjk/texinput/mule/MULEenc.sty
Package: MULEenc 2021/10/16 4.8.5
)
(e:/texlive/2022/texmf-dist/tex/latex/cjk/texinput/CJK.enc
File: CJK.enc 2021/10/16 4.8.5
Now handling font encoding C00 ...
... no UTF-8 mapping file for font encoding C00
Now handling font encoding C05 ...
... no UTF-8 mapping file for font encoding C05
Now handling font encoding C09 ...
... no UTF-8 mapping file for font encoding C09
Now handling font encoding C10 ...
... no UTF-8 mapping file for font encoding C10
Now handling font encoding C20 ...
... no UTF-8 mapping file for font encoding C20
Now handling font encoding C19 ...
... no UTF-8 mapping file for font encoding C19
Now handling font encoding C40 ...
... no UTF-8 mapping file for font encoding C40
Now handling font encoding C42 ...
... no UTF-8 mapping file for font encoding C42
Now handling font encoding C43 ...
... no UTF-8 mapping file for font encoding C43
Now handling font encoding C50 ...
... no UTF-8 mapping file for font encoding C50
Now handling font encoding C52 ...
... no UTF-8 mapping file for font encoding C52
Now handling font encoding C49 ...
... no UTF-8 mapping file for font encoding C49
Now handling font encoding C60 ...
... no UTF-8 mapping file for font encoding C60
Now handling font encoding C61 ...
... no UTF-8 mapping file for font encoding C61
Now handling font encoding C63 ...
... no UTF-8 mapping file for font encoding C63
Now handling font encoding C64 ...
... no UTF-8 mapping file for font encoding C64
Now handling font encoding C65 ...
... no UTF-8 mapping file for font encoding C65
Now handling font encoding C70 ...
... no UTF-8 mapping file for font encoding C70
Now handling font encoding C31 ...
... no UTF-8 mapping file for font encoding C31
Now handling font encoding C32 ...
... no UTF-8 mapping file for font encoding C32
Now handling font encoding C33 ...
... no UTF-8 mapping file for font encoding C33
Now handling font encoding C34 ...
... no UTF-8 mapping file for font encoding C34
Now handling font encoding C35 ...
... no UTF-8 mapping file for font encoding C35
Now handling font encoding C36 ...
... no UTF-8 mapping file for font encoding C36
Now handling font encoding C37 ...
... no UTF-8 mapping file for font encoding C37
Now handling font encoding C80 ...
... no UTF-8 mapping file for font encoding C80
Now handling font encoding C81 ...
... no UTF-8 mapping file for font encoding C81
Now handling font encoding C01 ...
... no UTF-8 mapping file for font encoding C01
Now handling font encoding C11 ...
... no UTF-8 mapping file for font encoding C11
Now handling font encoding C21 ...
... no UTF-8 mapping file for font encoding C21
Now handling font encoding C41 ...
... no UTF-8 mapping file for font encoding C41
Now handling font encoding C62 ...
... no UTF-8 mapping file for font encoding C62
)
\CJK@indent=\box62
)
(e:/texlive/2022/texmf-dist/tex/latex/newtx/newtxtext.sty
Package: newtxtext 2022/02/28 v1.71(Michael Sharpe) latex and unicode latex sup
port for TeXGyreTermesX

`newtxtext' v1.71, 2022/02/28 Text macros taking advantage of TeXGyre Termes an
d its extensions (msharpe)
(e:/texlive/2022/texmf-dist/tex/latex/xkeyval/xkeyval.sty
Package: xkeyval 2020/11/20 v2.8 package option processing (HA)

(e:/texlive/2022/texmf-dist/tex/generic/xkeyval/xkeyval.tex
(e:/texlive/2022/texmf-dist/tex/generic/xkeyval/xkvutils.tex
\XKV@toks=\toks29
\XKV@tempa@toks=\toks30
)
\XKV@depth=\count295
File: xkeyval.tex 2014/12/03 v2.7a key=value parser (HA)
))
(e:/texlive/2022/texmf-dist/tex/latex/etoolbox/etoolbox.sty
Package: etoolbox 2020/10/05 v2.5k e-TeX tools for LaTeX (JAW)
\etb@tempcnta=\count296
)
(e:/texlive/2022/texmf-dist/tex/latex/base/textcomp.sty
Package: textcomp 2020/02/02 v2.0n Standard LaTeX package
)
(e:/texlive/2022/texmf-dist/tex/generic/xstring/xstring.sty
(e:/texlive/2022/texmf-dist/tex/generic/xstring/xstring.tex
\integerpart=\count297
\decimalpart=\count298
)
Package: xstring 2021/07/21 v1.84 String manipulations (CT)
)
(e:/texlive/2022/texmf-dist/tex/latex/carlisle/scalefnt.sty)
LaTeX Font Info:    Setting ntxLF sub-encoding to TS1/0 on input line 21.
LaTeX Font Info:    Setting ntxTLF sub-encoding to TS1/0 on input line 21.
LaTeX Font Info:    Setting ntxOsF sub-encoding to TS1/0 on input line 21.
LaTeX Font Info:    Setting ntxTOsF sub-encoding to TS1/0 on input line 21.

(e:/texlive/2022/texmf-dist/tex/generic/kastrup/binhex.tex)
\ntx@tmpcnta=\count299
\ntx@cnt=\count300

ntx@otftextfalse
(e:/texlive/2022/texmf-dist/tex/latex/fontaxes/fontaxes.sty
Package: fontaxes 2020/07/21 v1.0e Font selection axes
LaTeX Info: Redefining \upshape on input line 29.
LaTeX Info: Redefining \itshape on input line 31.
LaTeX Info: Redefining \slshape on input line 33.
LaTeX Info: Redefining \swshape on input line 35.
LaTeX Info: Redefining \scshape on input line 37.
LaTeX Info: Redefining \sscshape on input line 39.
LaTeX Info: Redefining \ulcshape on input line 41.
LaTeX Info: Redefining \textsw on input line 47.
LaTeX Info: Redefining \textssc on input line 48.
LaTeX Info: Redefining \textulc on input line 49.
)
LaTeX Info: Redefining \oldstylenums on input line 657.
)
(e:/texlive/2022/texmf-dist/tex/latex/newtx/newtxmath.sty
Package: newtxmath 2022/01/16 v1.71

`newtxmath' v1.71, 2022/01/16 Math macros based originally on txfonts (msharpe)
(e:/texlive/2022/texmf-dist/tex/generic/iftex/ifluatex.sty
Package: ifluatex 2019/10/25 v1.5 ifluatex legacy package. Use iftex instead.
)
(e:/texlive/2022/texmf-dist/tex/latex/oberdiek/centernot.sty
Package: centernot 2016/05/16 v1.4 Centers the not symbol horizontally (HO)
)
\tx@cntz=\count301

(e:/texlive/2022/texmf-dist/tex/generic/kastrup/binhex.tex)
\tx@Isdigit=\count302
\tx@IsAlNum=\count303
\tx@tA=\toks31
\tx@tB=\toks32
\tx@su=\read2

amsthm NOT loaded
LaTeX Font Info:    Redeclaring symbol font `operators' on input line 376.
LaTeX Font Info:    Overwriting symbol font `operators' in version `normal'
(Font)                  OT1/cmr/m/n --> OT1/minntx/m/n on input line 376.
LaTeX Font Info:    Overwriting symbol font `operators' in version `bold'
(Font)                  OT1/cmr/bx/n --> OT1/minntx/m/n on input line 376.
LaTeX Font Info:    Overwriting symbol font `operators' in version `bold'
(Font)                  OT1/minntx/m/n --> OT1/minntx/b/n on input line 377.
LaTeX Font Info:    Redeclaring math alphabet \mathsf on input line 383.
LaTeX Font Info:    Overwriting math alphabet `\mathsf' in version `normal'
(Font)                  OT1/cmss/m/n --> OT1/qhv/m/n on input line 383.
LaTeX Font Info:    Overwriting math alphabet `\mathsf' in version `bold'
(Font)                  OT1/cmss/bx/n --> OT1/qhv/m/n on input line 383.
LaTeX Font Info:    Redeclaring math alphabet \mathit on input line 384.
LaTeX Font Info:    Overwriting math alphabet `\mathit' in version `normal'
(Font)                  OT1/cmr/m/it --> OT1/minntx/m/it on input line 384.
LaTeX Font Info:    Overwriting math alphabet `\mathit' in version `bold'
(Font)                  OT1/cmr/bx/it --> OT1/minntx/m/it on input line 384.
LaTeX Font Info:    Redeclaring math alphabet \mathtt on input line 385.
LaTeX Font Info:    Overwriting math alphabet `\mathtt' in version `normal'
(Font)                  OT1/cmtt/m/n --> OT1/ntxtt/m/n on input line 385.
LaTeX Font Info:    Overwriting math alphabet `\mathtt' in version `bold'
(Font)                  OT1/cmtt/m/n --> OT1/ntxtt/m/n on input line 385.
LaTeX Font Info:    Redeclaring math alphabet \mathbf on input line 387.
LaTeX Font Info:    Overwriting math alphabet `\mathit' in version `bold'
(Font)                  OT1/minntx/m/it --> OT1/minntx/b/it on input line 388.
LaTeX Font Info:    Overwriting math alphabet `\mathsf' in version `bold'
(Font)                  OT1/qhv/m/n --> OT1/qhv/b/n on input line 389.
LaTeX Font Info:    Overwriting math alphabet `\mathtt' in version `bold'
(Font)                  OT1/ntxtt/m/n --> OT1/ntxtt/b/n on input line 390.
LaTeX Font Info:    Redeclaring symbol font `letters' on input line 491.
LaTeX Font Info:    Overwriting symbol font `letters' in version `normal'
(Font)                  OML/cmm/m/it --> OML/ntxmi/m/it on input line 491.
LaTeX Font Info:    Overwriting symbol font `letters' in version `bold'
(Font)                  OML/cmm/b/it --> OML/ntxmi/m/it on input line 491.
LaTeX Font Info:    Overwriting symbol font `letters' in version `bold'
(Font)                  OML/ntxmi/m/it --> OML/ntxmi/b/it on input line 492.
\symlettersA=\mathgroup9
LaTeX Font Info:    Overwriting symbol font `lettersA' in version `bold'
(Font)                  U/ntxmia/m/it --> U/ntxmia/b/it on input line 547.
LaTeX Font Info:    Redeclaring math alphabet \mathfrak on input line 549.
Now handling font encoding LMS ...
... no UTF-8 mapping file for font encoding LMS
LaTeX Font Info:    Redeclaring symbol font `symbols' on input line 568.
LaTeX Font Info:    Encoding `OMS' has changed to `LMS' for symbol font
(Font)              `symbols' in the math version `normal' on input line 568.
LaTeX Font Info:    Overwriting symbol font `symbols' in version `normal'
(Font)                  OMS/cmsy/m/n --> LMS/ntxsy/m/n on input line 568.
LaTeX Font Info:    Encoding `OMS' has changed to `LMS' for symbol font
(Font)              `symbols' in the math version `bold' on input line 568.
LaTeX Font Info:    Overwriting symbol font `symbols' in version `bold'
(Font)                  OMS/cmsy/b/n --> LMS/ntxsy/m/n on input line 568.
LaTeX Font Info:    Overwriting symbol font `symbols' in version `bold'
(Font)                  LMS/ntxsy/m/n --> LMS/ntxsy/b/n on input line 569.
\symAMSm=\mathgroup10
LaTeX Font Info:    Overwriting symbol font `AMSm' in version `bold'
(Font)                  U/ntxsym/m/n --> U/ntxsym/b/n on input line 594.
\symsymbolsC=\mathgroup11
LaTeX Font Info:    Overwriting symbol font `symbolsC' in version `bold'
(Font)                  U/ntxsyc/m/n --> U/ntxsyc/b/n on input line 615.
Now handling font encoding LMX ...
... no UTF-8 mapping file for font encoding LMX
LaTeX Font Info:    Redeclaring symbol font `largesymbols' on input line 628.
LaTeX Font Info:    Encoding `OMX' has changed to `LMX' for symbol font
(Font)              `largesymbols' in the math version `normal' on input line 6
28.
LaTeX Font Info:    Overwriting symbol font `largesymbols' in version `normal'
(Font)                  OMX/cmex/m/n --> LMX/ntxexx/m/n on input line 628.
LaTeX Font Info:    Encoding `OMX' has changed to `LMX' for symbol font
(Font)              `largesymbols' in the math version `bold' on input line 628
.
LaTeX Font Info:    Overwriting symbol font `largesymbols' in version `bold'
(Font)                  OMX/cmex/m/n --> LMX/ntxexx/m/n on input line 628.
LaTeX Font Info:    Overwriting symbol font `largesymbols' in version `bold'
(Font)                  LMX/ntxexx/m/n --> LMX/ntxexx/b/n on input line 629.
\symlargesymbolsTXA=\mathgroup12
LaTeX Font Info:    Overwriting symbol font `largesymbolsTXA' in version `bold'

(Font)                  U/ntxexa/m/n --> U/ntxexa/b/n on input line 643.
\tx@sbptoks=\toks33
LaTeX Font Info:    Redeclaring math delimiter \lfloor on input line 866.
LaTeX Font Info:    Redeclaring math delimiter \rfloor on input line 867.
LaTeX Font Info:    Redeclaring math delimiter \lceil on input line 868.
LaTeX Font Info:    Redeclaring math delimiter \rceil on input line 869.
LaTeX Font Info:    Redeclaring math delimiter \lbrace on input line 870.
LaTeX Font Info:    Redeclaring math delimiter \rbrace on input line 871.
LaTeX Font Info:    Redeclaring math delimiter \langle on input line 872.
LaTeX Font Info:    Redeclaring math delimiter \rangle on input line 874.
LaTeX Font Info:    Redeclaring math delimiter \arrowvert on input line 878.
LaTeX Font Info:    Redeclaring math delimiter \vert on input line 879.
LaTeX Font Info:    Redeclaring math accent \dot on input line 950.
LaTeX Font Info:    Redeclaring math accent \ddot on input line 951.
LaTeX Font Info:    Redeclaring math accent \vec on input line 2020.
LaTeX Info: Redefining \Bbbk on input line 2810.
LaTeX Info: Redefining \not on input line 2959.
) (e:/texlive/2022/texmf-dist/tex/latex/caption/caption.sty
Package: caption 2022/03/01 v3.6b Customizing captions (AR)

(e:/texlive/2022/texmf-dist/tex/latex/caption/caption3.sty
Package: caption3 2022/03/17 v2.3b caption3 kernel (AR)
\caption@tempdima=\dimen190
\captionmargin=\dimen191
\caption@leftmargin=\dimen192
\caption@rightmargin=\dimen193
\caption@width=\dimen194
\caption@indent=\dimen195
\caption@parindent=\dimen196
\caption@hangindent=\dimen197
Package caption Info: Standard document class detected.
)
\c@caption@flags=\count304
\c@continuedfloat=\count305
Package caption Info: listings package is loaded.
Package caption Info: longtable package is loaded.

(e:/texlive/2022/texmf-dist/tex/latex/caption/ltcaption.sty
Package: ltcaption 2021/01/08 v1.4c longtable captions (AR)
))
(e:/texlive/2022/texmf-dist/tex/latex/enumitem/enumitem.sty
Package: enumitem 2019/06/20 v3.9 Customized lists
\labelindent=\skip62
\enit@outerparindent=\dimen198
\enit@toks=\toks34
\enit@inbox=\box63
\enit@count@id=\count306
\enitdp@description=\count307
)
(e:/texlive/2022/texmf-dist/tex/generic/ulem/ulem.sty
\UL@box=\box64
\UL@hyphenbox=\box65
\UL@skip=\skip63
\UL@hook=\toks35
\UL@height=\dimen199
\UL@pe=\count308
\UL@pixel=\dimen256
\ULC@box=\box66
Package: ulem 2019/11/18
\ULdepth=\dimen257
)
(e:/texlive/2022/texmf-dist/tex/latex/tools/calc.sty
Package: calc 2017/05/25 v4.3 Infix arithmetic (KKT,FJ)
\calc@Acount=\count309
\calc@Bcount=\count310
\calc@Adimen=\dimen258
\calc@Bdimen=\dimen259
\calc@Askip=\skip64
\calc@Bskip=\skip65
LaTeX Info: Redefining \setlength on input line 80.
LaTeX Info: Redefining \addtolength on input line 81.
\calc@Ccount=\count311
\calc@Cskip=\skip66
)
(e:/texlive/2022/texmf-dist/tex/latex/appendix/appendix.sty
Package: appendix 2020/02/08 v1.2c extra appendix facilities
\c@@pps=\count312
\c@@ppsavesec=\count313
\c@@ppsaveapp=\count314
)
(e:/texlive/2022/texmf-dist/tex/latex/fancyhdr/fancyhdr.sty
Package: fancyhdr 2021/01/28 v4.0.1 Extensive control of page headers and foote
rs
\f@nch@headwidth=\skip67
\f@nch@O@elh=\skip68
\f@nch@O@erh=\skip69
\f@nch@O@olh=\skip70
\f@nch@O@orh=\skip71
\f@nch@O@elf=\skip72
\f@nch@O@erf=\skip73
\f@nch@O@olf=\skip74
\f@nch@O@orf=\skip75
)
\c@definition=\count315
\c@theorem=\count316
\c@lemma=\count317
\c@corollary=\count318
\c@assumption=\count319
\c@conjecture=\count320
\c@axiom=\count321
\c@principle=\count322
\c@problem=\count323
\c@proof=\count324
\c@solution=\count325
)
(e:/texlive/2022/texmf-dist/tex/latex/tools/indentfirst.sty
Package: indentfirst 1995/11/23 v1.03 Indent first paragraph (DPC)
)
(e:/texlive/2022/texmf-dist/tex/latex/url/url.sty
\Urlmuskip=\muskip17
Package: url 2013/09/16  ver 3.4  Verb mode for urls, etc.
)
(e:/texlive/2022/texmf-dist/tex/latex/float/float.sty
Package: float 2001/11/08 v1.3d Float enhancements (AL)
\c@float@type=\count326
\float@exts=\toks36
\float@box=\box67
\@float@everytoks=\toks37
\@floatcapt=\box68
)
(e:/texlive/2022/texmf-dist/tex/latex/subfigure/subfigure.sty
Package: subfigure 2002/03/15 v2.1.5 subfigure package
\subfigtopskip=\skip76
\subfigcapskip=\skip77
\subfigcaptopadj=\dimen260
\subfigbottomskip=\skip78
\subfigcapmargin=\dimen261
\subfiglabelskip=\skip79
\c@subfigure=\count327
\c@lofdepth=\count328
\c@subtable=\count329
\c@lotdepth=\count330

****************************************
* Local config file subfigure.cfg used *
****************************************
(e:/texlive/2022/texmf-dist/tex/latex/subfigure/subfigure.cfg)
\subfig@top=\skip80
\subfig@bottom=\skip81
)
LaTeX Font Info:    Trying to load font information for OT1+ntxtlf on input lin
e 21.

(e:/texlive/2022/texmf-dist/tex/latex/newtx/ot1ntxtlf.fd
File: ot1ntxtlf.fd 2021/05/24 v1.0 font definition file for OT1/ntx/tlf
)
LaTeX Font Info:    Font shape `OT1/ntxtlf/m/n' will be
(Font)              scaled to size 12.0pt on input line 21.

(e:/texlive/2022/texmf-dist/tex/latex/l3backend/l3backend-pdftex.def
File: l3backend-pdftex.def 2022-02-07 L3 backend support: PDF output (pdfTeX)
\l__color_backend_stack_int=\count331
\l__pdf_internal_box=\box69
)
(./Bapmcm24212061.aux)
\openout1 = `Bapmcm24212061.aux'.

LaTeX Font Info:    Checking defaults for OML/ntxmi/m/it on input line 21.
LaTeX Font Info:    Trying to load font information for OML+ntxmi on input line
 21.
 (e:/texlive/2022/texmf-dist/tex/latex/newtx/omlntxmi.fd
File: omlntxmi.fd 2015/08/25 Fontinst v1.933 font definitions for OML/ntxmi.
)
LaTeX Font Info:    ... okay on input line 21.
LaTeX Font Info:    Checking defaults for OMS/cmsy/m/n on input line 21.
LaTeX Font Info:    ... okay on input line 21.
LaTeX Font Info:    Checking defaults for OT1/cmr/m/n on input line 21.
LaTeX Font Info:    ... okay on input line 21.
LaTeX Font Info:    Checking defaults for T1/cmr/m/n on input line 21.
LaTeX Font Info:    ... okay on input line 21.
LaTeX Font Info:    Checking defaults for TS1/cmr/m/n on input line 21.
LaTeX Font Info:    ... okay on input line 21.
LaTeX Font Info:    Checking defaults for OMX/cmex/m/n on input line 21.
LaTeX Font Info:    ... okay on input line 21.
LaTeX Font Info:    Checking defaults for U/ntxexa/m/n on input line 21.
LaTeX Font Info:    Trying to load font information for U+ntxexa on input line 
21.
(e:/texlive/2022/texmf-dist/tex/latex/newtx/untxexa.fd
File: untxexa.fd 2012/04/16 Fontinst v1.933 font definitions for U/ntxexa.
)
LaTeX Font Info:    ... okay on input line 21.
LaTeX Font Info:    Checking defaults for C00/song/m/n on input line 21.
LaTeX Font Info:    ... okay on input line 21.
LaTeX Font Info:    Checking defaults for C05/song/m/n on input line 21.
LaTeX Font Info:    ... okay on input line 21.
LaTeX Font Info:    Checking defaults for C09/song/m/n on input line 21.
LaTeX Font Info:    ... okay on input line 21.
LaTeX Font Info:    Checking defaults for C10/song/m/n on input line 21.
LaTeX Font Info:    ... okay on input line 21.
LaTeX Font Info:    Checking defaults for C20/song/m/n on input line 21.
LaTeX Font Info:    ... okay on input line 21.
LaTeX Font Info:    Checking defaults for C19/song/m/n on input line 21.
LaTeX Font Info:    ... okay on input line 21.
LaTeX Font Info:    Checking defaults for C40/song/m/n on input line 21.
LaTeX Font Info:    ... okay on input line 21.
LaTeX Font Info:    Checking defaults for C42/song/m/n on input line 21.
LaTeX Font Info:    ... okay on input line 21.
LaTeX Font Info:    Checking defaults for C43/song/m/n on input line 21.
LaTeX Font Info:    ... okay on input line 21.
LaTeX Font Info:    Checking defaults for C50/song/m/n on input line 21.
LaTeX Font Info:    ... okay on input line 21.
LaTeX Font Info:    Checking defaults for C52/song/m/n on input line 21.
LaTeX Font Info:    ... okay on input line 21.
LaTeX Font Info:    Checking defaults for C49/song/m/n on input line 21.
LaTeX Font Info:    ... okay on input line 21.
LaTeX Font Info:    Checking defaults for C60/mj/m/n on input line 21.
LaTeX Font Info:    ... okay on input line 21.
LaTeX Font Info:    Checking defaults for C61/mj/m/n on input line 21.
LaTeX Font Info:    ... okay on input line 21.
LaTeX Font Info:    Checking defaults for C63/mj/m/n on input line 21.
LaTeX Font Info:    ... okay on input line 21.
LaTeX Font Info:    Checking defaults for C64/mj/m/n on input line 21.
LaTeX Font Info:    ... okay on input line 21.
LaTeX Font Info:    Checking defaults for C65/mj/m/n on input line 21.
LaTeX Font Info:    ... okay on input line 21.
LaTeX Font Info:    Checking defaults for C70/song/m/n on input line 21.
LaTeX Font Info:    ... okay on input line 21.
LaTeX Font Info:    Checking defaults for C31/song/m/n on input line 21.
LaTeX Font Info:    ... okay on input line 21.
LaTeX Font Info:    Checking defaults for C32/song/m/n on input line 21.
LaTeX Font Info:    ... okay on input line 21.
LaTeX Font Info:    Checking defaults for C33/song/m/n on input line 21.
LaTeX Font Info:    ... okay on input line 21.
LaTeX Font Info:    Checking defaults for C34/song/m/n on input line 21.
LaTeX Font Info:    ... okay on input line 21.
LaTeX Font Info:    Checking defaults for C35/song/m/n on input line 21.
LaTeX Font Info:    ... okay on input line 21.
LaTeX Font Info:    Checking defaults for C36/song/m/n on input line 21.
LaTeX Font Info:    ... okay on input line 21.
LaTeX Font Info:    Checking defaults for C37/song/m/n on input line 21.
LaTeX Font Info:    ... okay on input line 21.
LaTeX Font Info:    Checking defaults for C80/song/m/n on input line 21.
LaTeX Font Info:    ... okay on input line 21.
LaTeX Font Info:    Checking defaults for C81/song/m/n on input line 21.
LaTeX Font Info:    ... okay on input line 21.
LaTeX Font Info:    Checking defaults for C01/song/m/n on input line 21.
LaTeX Font Info:    ... okay on input line 21.
LaTeX Font Info:    Checking defaults for C11/song/m/n on input line 21.
LaTeX Font Info:    ... okay on input line 21.
LaTeX Font Info:    Checking defaults for C21/song/m/n on input line 21.
LaTeX Font Info:    ... okay on input line 21.
LaTeX Font Info:    Checking defaults for C41/song/m/n on input line 21.
LaTeX Font Info:    ... okay on input line 21.
LaTeX Font Info:    Checking defaults for C62/song/m/n on input line 21.
LaTeX Font Info:    ... okay on input line 21.
LaTeX Font Info:    Checking defaults for LMS/ntxsy/m/n on input line 21.
LaTeX Font Info:    Trying to load font information for LMS+ntxsy on input line
 21.

(e:/texlive/2022/texmf-dist/tex/latex/newtx/lmsntxsy.fd
File: lmsntxsy.fd 2016/07/02 Fontinst v1.933 font definitions for LMS/ntxsy.
)
LaTeX Font Info:    ... okay on input line 21.
LaTeX Font Info:    Checking defaults for LMX/ntxexx/m/n on input line 21.
LaTeX Font Info:    Trying to load font information for LMX+ntxexx on input lin
e 21.

(e:/texlive/2022/texmf-dist/tex/latex/newtx/lmxntxexx.fd
File: lmxntxexx.fd 2016/07/03 Fontinst v1.933 font definitions for LMX/ntxexx.
)
LaTeX Font Info:    ... okay on input line 21.

*geometry* driver: auto-detecting
*geometry* detected driver: pdftex
*geometry* verbose mode - [ preamble ] result:
* driver: pdftex
* paper: <default>
* layout: <same size as paper>
* layoutoffset:(h,v)=(0.0pt,0.0pt)
* modes: 
* h-part:(L,W,R)=(90.47977pt, 416.54834pt, 90.47977pt)
* v-part:(T,H,B)=(72.26997pt, 700.5069pt, 72.26997pt)
* \paperwidth=597.50787pt
* \paperheight=845.04684pt
* \textwidth=416.54834pt
* \textheight=700.5069pt
* \oddsidemargin=18.20978pt
* \evensidemargin=18.20978pt
* \topmargin=-37.00002pt
* \headheight=12.0pt
* \headsep=25.0pt
* \topskip=12.0pt
* \footskip=30.0pt
* \marginparwidth=35.0pt
* \marginparsep=10.0pt
* \columnsep=10.0pt
* \skip\footins=10.8pt plus 4.0pt minus 2.0pt
* \hoffset=0.0pt
* \voffset=0.0pt
* \mag=1000
* \@twocolumnfalse
* \@twosidefalse
* \@mparswitchfalse
* \@reversemarginfalse
* (1in=72.27pt=25.4mm, 1cm=28.453pt)

(e:/texlive/2022/texmf-dist/tex/context/base/mkii/supp-pdf.mkii
[Loading MPS to PDF converter (version 2006.09.02).]
\scratchcounter=\count332
\scratchdimen=\dimen262
\scratchbox=\box70
\nofMPsegments=\count333
\nofMParguments=\count334
\everyMPshowfont=\toks38
\MPscratchCnt=\count335
\MPscratchDim=\dimen263
\MPnumerator=\count336
\makeMPintoPDFobject=\count337
\everyMPtoPDFconversion=\toks39
) (e:/texlive/2022/texmf-dist/tex/latex/epstopdf-pkg/epstopdf-base.sty
Package: epstopdf-base 2020-01-24 v2.11 Base part for package epstopdf
Package epstopdf-base Info: Redefining graphics rule for `.eps' on input line 4
85.

(e:/texlive/2022/texmf-dist/tex/latex/latexconfig/epstopdf-sys.cfg
File: epstopdf-sys.cfg 2010/07/13 v1.3 Configuration of (r)epstopdf for TeX Liv
e
))
Package lastpage Info: Please have a look at the pageslts package at
(lastpage)             https://www.ctan.org/pkg/pageslts
(lastpage)             ! on input line 21.
\c@lstlisting=\count338
\c@mv@tabular=\count339
\c@mv@boldtabular=\count340
Package caption Info: Begin \AtBeginDocument code.
Package caption Info: float package is loaded.
Package caption Info: subfigure package is loaded.
Package caption Info: End \AtBeginDocument code.

(./apmcmthesis.cfg
File: apmcmthesis.cfg 2019/11/05 v1.0 apmcmthesis configuration file
) (e:/texlive/2022/texmf-dist/tex/latex/newtx/ot1minntx.fd)
(e:/texlive/2022/texmf-dist/tex/latex/amsfonts/umsa.fd)
(e:/texlive/2022/texmf-dist/tex/latex/amsfonts/umsb.fd)
(e:/texlive/2022/texmf-dist/tex/latex/newtx/untxmia.fd)
(e:/texlive/2022/texmf-dist/tex/latex/newtx/untxsym.fd)
(e:/texlive/2022/texmf-dist/tex/latex/newtx/untxsyc.fd)
LaTeX Font Info:    Font shape `OT1/ntxtlf/b/n' will be
(Font)              scaled to size 12.0pt on input line 38.

Overfull \hbox (1.59009pt too wide) in paragraph at lines 38--39
\OT1/ntxtlf/b/n/12 Keywords: \OT1/minntx/m/n/12 AN-SYS Flu-ent Ge-netic Al-go-r
ithm Par-ti-cle Swarm Op-ti-miza-tion Aero-
 []

LaTeX Font Info:    Font shape `OT1/ntxtlf/m/n' will be
(Font)              scaled to size 10.95pt on input line 43.

Package fancyhdr Warning: \headheight is too small (12.0pt): 
(fancyhdr)                Make it at least 13.59999pt, for example:
(fancyhdr)                \setlength{\headheight}{13.59999pt}.
(fancyhdr)                You might also make \topmargin smaller to compensate:

(fancyhdr)                \addtolength{\topmargin}{-1.59999pt}.

[1{e:/texlive/2022/texmf-var/fonts/map/pdftex/updmap/pdftex.map}

]
LaTeX Font Info:    Font shape `OT1/ntxtlf/m/n' will be
(Font)              scaled to size 17.28pt on input line 45.
LaTeX Font Info:    Font shape `OT1/ntxtlf/b/n' will be
(Font)              scaled to size 17.28pt on input line 45.

(./Bapmcm24212061.toc
LaTeX Font Info:    Font shape `OT1/ntxtlf/m/it' will be
(Font)              scaled to size 12.0pt on input line 13.

Overfull \hbox (3.76704pt too wide) in paragraph at lines 16--16
 []|\OT1/minntx/m/n/12 5.1.4 \OT1/ntxtlf/m/it/12 Ad-van-tages and Dis-ad-van-ta
ges of Ex-plicit Fi-nite Dif-fer-ence Method 
 []


Overfull \hbox (11.8429pt too wide) in paragraph at lines 23--23
 []|\OT1/minntx/m/n/12 5.3.1 \OT1/ntxtlf/m/it/12 Prepa-ra-tion of air hu-mid-it
y model based on par-ti-cle swarm algorithm| 
 []


Package fancyhdr Warning: \headheight is too small (12.0pt): 
(fancyhdr)                Make it at least 13.59999pt, for example:
(fancyhdr)                \setlength{\headheight}{13.59999pt}.
(fancyhdr)                You might also make \topmargin smaller to compensate:

(fancyhdr)                \addtolength{\topmargin}{-1.59999pt}.

[2]
Overfull \hbox (11.7711pt too wide) in paragraph at lines 30--30
 []|\OT1/minntx/m/n/12 5.4.3 \OT1/ntxtlf/m/it/12 Ge-netic Al-go-rithm Based Com
-bi-na-to-rial Op-ti-miza-tion Model Solving| 
 []

)
\tf@toc=\write4
\openout4 = `Bapmcm24212061.toc'.



Package fancyhdr Warning: \headheight is too small (12.0pt): 
(fancyhdr)                Make it at least 13.59999pt, for example:
(fancyhdr)                \setlength{\headheight}{13.59999pt}.
(fancyhdr)                You might also make \topmargin smaller to compensate:

(fancyhdr)                \addtolength{\topmargin}{-1.59999pt}.

[3]
LaTeX Font Info:    Font shape `OT1/ntxtlf/m/n' will be
(Font)              scaled to size 14.4pt on input line 53.
LaTeX Font Info:    Font shape `OT1/ntxtlf/b/n' will be
(Font)              scaled to size 14.4pt on input line 53.


Package fancyhdr Warning: \headheight is too small (12.0pt): 
(fancyhdr)                Make it at least 13.59999pt, for example:
(fancyhdr)                \setlength{\headheight}{13.59999pt}.
(fancyhdr)                You might also make \topmargin smaller to compensate:

(fancyhdr)                \addtolength{\topmargin}{-1.59999pt}.

[1]
Underfull \hbox (badness 10000) in paragraph at lines 91--92

 []


Package fancyhdr Warning: \headheight is too small (12.0pt): 
(fancyhdr)                Make it at least 13.59999pt, for example:
(fancyhdr)                \setlength{\headheight}{13.59999pt}.
(fancyhdr)                You might also make \topmargin smaller to compensate:

(fancyhdr)                \addtolength{\topmargin}{-1.59999pt}.

[2]
LaTeX Font Info:    Font shape `OT1/ntxtlf/b/n' will be
(Font)              scaled to size 10.95pt on input line 100.
LaTeX Font Info:    Font shape `OT1/ntxtlf/b/it' will be
(Font)              scaled to size 12.0pt on input line 125.


Package fancyhdr Warning: \headheight is too small (12.0pt): 
(fancyhdr)                Make it at least 13.59999pt, for example:
(fancyhdr)                \setlength{\headheight}{13.59999pt}.
(fancyhdr)                You might also make \topmargin smaller to compensate:

(fancyhdr)                \addtolength{\topmargin}{-1.59999pt}.

[3]
LaTeX Font Info:    Trying to load font information for TS1+ntxtlf on input lin
e 146.
 (e:/texlive/2022/texmf-dist/tex/latex/newtx/ts1ntxtlf.fd
File: ts1ntxtlf.fd 2015/01/18 v1.0 fd file for TS1/ntxtlf
)
LaTeX Font Info:    Font shape `TS1/ntxtlf/m/n' will be
(Font)              scaled to size 12.0pt on input line 146.


pdfTeX warning: pdflatex.exe (file c:/Users/31561/Desktop/APMCM LaTeX 模板/fi
gures/GA.pdf): PDF inclusion: found PDF version <1.7>, but at most version <1.5
> allowed
<C:/Users/31561/Desktop/APMCM LaTeX 模板/figures/GA.pdf, id=27, 844.95674pt x
 597.432pt>
File: C:/Users/31561/Desktop/APMCM LaTeX 模板/figures/GA.pdf Graphic file (ty
pe pdf)
<use C:/Users/31561/Desktop/APMCM LaTeX 模板/figures/GA.pdf>
Package pdftex.def Info: C:/Users/31561/Desktop/APMCM LaTeX 模板/figures/GA.p
df  used on input line 153.
(pdftex.def)             Requested size: 284.52756pt x 201.17336pt.

Package fancyhdr Warning: \headheight is too small (12.0pt): 
(fancyhdr)                Make it at least 13.59999pt, for example:
(fancyhdr)                \setlength{\headheight}{13.59999pt}.
(fancyhdr)                You might also make \topmargin smaller to compensate:

(fancyhdr)                \addtolength{\topmargin}{-1.59999pt}.

[4]
LaTeX Font Info:    Font shape `OT1/ntxtlf/m/n' will be
(Font)              scaled to size 8.8pt on input line 167.
LaTeX Font Info:    Font shape `OT1/ntxtlf/m/n' will be
(Font)              scaled to size 6.6pt on input line 167.


Package fancyhdr Warning: \headheight is too small (12.0pt): 
(fancyhdr)                Make it at least 13.59999pt, for example:
(fancyhdr)                \setlength{\headheight}{13.59999pt}.
(fancyhdr)                You might also make \topmargin smaller to compensate:

(fancyhdr)                \addtolength{\topmargin}{-1.59999pt}.

[5 <c:/Users/31561/Desktop/APMCM LaTeX 模板/figures/GA.pdf>]
<figures//q1_ac_design_optimization_ga.png, id=46, 722.7pt x 433.62pt>
File: figures//q1_ac_design_optimization_ga.png Graphic file (type png)
<use figures//q1_ac_design_optimization_ga.png>
Package pdftex.def Info: figures//q1_ac_design_optimization_ga.png  used on inp
ut line 205.
(pdftex.def)             Requested size: 284.52756pt x 170.71892pt.


Package fancyhdr Warning: \headheight is too small (12.0pt): 
(fancyhdr)                Make it at least 13.59999pt, for example:
(fancyhdr)                \setlength{\headheight}{13.59999pt}.
(fancyhdr)                You might also make \topmargin smaller to compensate:

(fancyhdr)                \addtolength{\topmargin}{-1.59999pt}.

[6]

pdfTeX warning: pdflatex.exe (file ./figures//kongtiao.pdf): PDF inclusion: fou
nd PDF version <1.7>, but at most version <1.5> allowed
<figures//kongtiao.pdf, id=51, 845.1575pt x 597.23125pt>
File: figures//kongtiao.pdf Graphic file (type pdf)
<use figures//kongtiao.pdf>
Package pdftex.def Info: figures//kongtiao.pdf  used on input line 212.
(pdftex.def)             Requested size: 284.52756pt x 201.06018pt.

Package fancyhdr Warning: \headheight is too small (12.0pt): 
(fancyhdr)                Make it at least 13.59999pt, for example:
(fancyhdr)                \setlength{\headheight}{13.59999pt}.
(fancyhdr)                You might also make \topmargin smaller to compensate:

(fancyhdr)                \addtolength{\topmargin}{-1.59999pt}.

[7 <./figures//q1_ac_design_optimization_ga.png> <./figures//kongtiao.pdf, page
 is rotated 270 degrees>]
<figures//q1_30.0s_diff_summer.png, id=64, 462.528pt x 346.896pt>
File: figures//q1_30.0s_diff_summer.png Graphic file (type png)
<use figures//q1_30.0s_diff_summer.png>
Package pdftex.def Info: figures//q1_30.0s_diff_summer.png  used on input line 
234.
(pdftex.def)             Requested size: 124.96576pt x 93.72139pt.
LaTeX Font Info:    Font shape `OT1/ntxtlf/m/n' will be
(Font)              scaled to size 10.0pt on input line 234.
<figures//q1_300.0s_diff_summer.png, id=65, 462.528pt x 346.896pt>
File: figures//q1_300.0s_diff_summer.png Graphic file (type png)
<use figures//q1_300.0s_diff_summer.png>
Package pdftex.def Info: figures//q1_300.0s_diff_summer.png  used on input line
 236.
(pdftex.def)             Requested size: 124.96576pt x 93.72139pt.
<figures//q1_600.0s_diff_summer.png, id=66, 462.528pt x 346.896pt>
File: figures//q1_600.0s_diff_summer.png Graphic file (type png)
<use figures//q1_600.0s_diff_summer.png>
Package pdftex.def Info: figures//q1_600.0s_diff_summer.png  used on input line
 238.
(pdftex.def)             Requested size: 124.96576pt x 93.72139pt.
<figures//q1_30.0s_scatter_summer.png, id=67, 462.528pt x 346.896pt>
File: figures//q1_30.0s_scatter_summer.png Graphic file (type png)
<use figures//q1_30.0s_scatter_summer.png>
Package pdftex.def Info: figures//q1_30.0s_scatter_summer.png  used on input li
ne 244.
(pdftex.def)             Requested size: 124.96576pt x 93.72139pt.
<figures//q1_300.0s_scatter_summer.png, id=68, 462.528pt x 346.896pt>
File: figures//q1_300.0s_scatter_summer.png Graphic file (type png)
<use figures//q1_300.0s_scatter_summer.png>
Package pdftex.def Info: figures//q1_300.0s_scatter_summer.png  used on input l
ine 246.
(pdftex.def)             Requested size: 124.96576pt x 93.72139pt.
<figures//q1_600.0s_scatter_summer.png, id=69, 462.528pt x 346.896pt>
File: figures//q1_600.0s_scatter_summer.png Graphic file (type png)
<use figures//q1_600.0s_scatter_summer.png>
Package pdftex.def Info: figures//q1_600.0s_scatter_summer.png  used on input l
ine 248.
(pdftex.def)             Requested size: 124.96576pt x 93.72139pt.
<figures//q1_avg_temperature_summer.png, id=70, 462.528pt x 346.896pt>
File: figures//q1_avg_temperature_summer.png Graphic file (type png)
<use figures//q1_avg_temperature_summer.png>
Package pdftex.def Info: figures//q1_avg_temperature_summer.png  used on input 
line 255.
(pdftex.def)             Requested size: 227.62204pt x 170.71628pt.


Package fancyhdr Warning: \headheight is too small (12.0pt): 
(fancyhdr)                Make it at least 13.59999pt, for example:
(fancyhdr)                \setlength{\headheight}{13.59999pt}.
(fancyhdr)                You might also make \topmargin smaller to compensate:

(fancyhdr)                \addtolength{\topmargin}{-1.59999pt}.

[8 <./figures//q1_30.0s_diff_summer.png> <./figures//q1_300.0s_diff_summer.png>
 <./figures//q1_600.0s_diff_summer.png> <./figures//q1_30.0s_scatter_summer.png
> <./figures//q1_300.0s_scatter_summer.png> <./figures//q1_600.0s_scatter_summe
r.png>]
<figures//q1_30.0s_diff_winter.png, id=80, 462.528pt x 346.896pt>
File: figures//q1_30.0s_diff_winter.png Graphic file (type png)
<use figures//q1_30.0s_diff_winter.png>
Package pdftex.def Info: figures//q1_30.0s_diff_winter.png  used on input line 
266.
(pdftex.def)             Requested size: 124.96576pt x 93.72139pt.
<figures//q1_300.0s_diff_winter.png, id=81, 462.528pt x 346.896pt>
File: figures//q1_300.0s_diff_winter.png Graphic file (type png)
<use figures//q1_300.0s_diff_winter.png>
Package pdftex.def Info: figures//q1_300.0s_diff_winter.png  used on input line
 268.
(pdftex.def)             Requested size: 124.96576pt x 93.72139pt.
<figures//q1_600.0s_diff_winter.png, id=82, 462.528pt x 346.896pt>
File: figures//q1_600.0s_diff_winter.png Graphic file (type png)
<use figures//q1_600.0s_diff_winter.png>
Package pdftex.def Info: figures//q1_600.0s_diff_winter.png  used on input line
 270.
(pdftex.def)             Requested size: 124.96576pt x 93.72139pt.
<figures//q1_30.0s_scatter_winter.png, id=83, 462.528pt x 346.896pt>
File: figures//q1_30.0s_scatter_winter.png Graphic file (type png)
<use figures//q1_30.0s_scatter_winter.png>
Package pdftex.def Info: figures//q1_30.0s_scatter_winter.png  used on input li
ne 276.
(pdftex.def)             Requested size: 124.96576pt x 93.72139pt.
<figures//q1_300.0s_scatter_winter.png, id=84, 462.528pt x 346.896pt>
File: figures//q1_300.0s_scatter_winter.png Graphic file (type png)
<use figures//q1_300.0s_scatter_winter.png>
Package pdftex.def Info: figures//q1_300.0s_scatter_winter.png  used on input l
ine 278.
(pdftex.def)             Requested size: 124.96576pt x 93.72139pt.
<figures//q1_600.0s_scatter_winter.png, id=85, 462.528pt x 346.896pt>
File: figures//q1_600.0s_scatter_winter.png Graphic file (type png)
<use figures//q1_600.0s_scatter_winter.png>
Package pdftex.def Info: figures//q1_600.0s_scatter_winter.png  used on input l
ine 280.
(pdftex.def)             Requested size: 124.96576pt x 93.72139pt.


Package fancyhdr Warning: \headheight is too small (12.0pt): 
(fancyhdr)                Make it at least 13.59999pt, for example:
(fancyhdr)                \setlength{\headheight}{13.59999pt}.
(fancyhdr)                You might also make \topmargin smaller to compensate:

(fancyhdr)                \addtolength{\topmargin}{-1.59999pt}.

[9 <./figures//q1_avg_temperature_summer.png> <./figures//q1_30.0s_diff_winter.
png> <./figures//q1_300.0s_diff_winter.png> <./figures//q1_600.0s_diff_winter.p
ng> <./figures//q1_30.0s_scatter_winter.png> <./figures//q1_300.0s_scatter_wint
er.png> <./figures//q1_600.0s_scatter_winter.png>]
<figures//q1_avg_temperature_winter.png, id=96, 462.528pt x 346.896pt>
File: figures//q1_avg_temperature_winter.png Graphic file (type png)
<use figures//q1_avg_temperature_winter.png>
Package pdftex.def Info: figures//q1_avg_temperature_winter.png  used on input 
line 287.
(pdftex.def)             Requested size: 284.52756pt x 213.40593pt.
<figures//kongtiao1xywdc.png, id=97, 3517.14pt x 2762.32pt>
File: figures//kongtiao1xywdc.png Graphic file (type png)
<use figures//kongtiao1xywdc.png>
Package pdftex.def Info: figures//kongtiao1xywdc.png  used on input line 299.
(pdftex.def)             Requested size: 208.27417pt x 163.54027pt.
<figures//kong90_xz_wdcplan7.png, id=98, 3517.14pt x 2762.32pt>
File: figures//kong90_xz_wdcplan7.png Graphic file (type png)
<use figures//kong90_xz_wdcplan7.png>
Package pdftex.def Info: figures//kong90_xz_wdcplan7.png  used on input line 30
4.
(pdftex.def)             Requested size: 208.27417pt x 163.54027pt.


Package fancyhdr Warning: \headheight is too small (12.0pt): 
(fancyhdr)                Make it at least 13.59999pt, for example:
(fancyhdr)                \setlength{\headheight}{13.59999pt}.
(fancyhdr)                You might also make \topmargin smaller to compensate:

(fancyhdr)                \addtolength{\topmargin}{-1.59999pt}.

[10 <./figures//q1_avg_temperature_winter.png>]
<figures//kong45tiao_xz_wdcplan7.png, id=104, 3517.14pt x 2762.32pt>
File: figures//kong45tiao_xz_wdcplan7.png Graphic file (type png)
<use figures//kong45tiao_xz_wdcplan7.png>
Package pdftex.def Info: figures//kong45tiao_xz_wdcplan7.png  used on input lin
e 316.
(pdftex.def)             Requested size: 208.27417pt x 163.54027pt.
<figures//kong90tiao_xz_wdcplan7.png, id=105, 3517.14pt x 2762.32pt>
File: figures//kong90tiao_xz_wdcplan7.png Graphic file (type png)
<use figures//kong90tiao_xz_wdcplan7.png>
Package pdftex.def Info: figures//kong90tiao_xz_wdcplan7.png  used on input lin
e 321.
(pdftex.def)             Requested size: 208.27417pt x 163.54027pt.
<figures//kongtiao2x_y_h_sdc1zexiantu.png, id=106, 3517.14pt x 2762.32pt>
File: figures//kongtiao2x_y_h_sdc1zexiantu.png Graphic file (type png)
<use figures//kongtiao2x_y_h_sdc1zexiantu.png>
Package pdftex.def Info: figures//kongtiao2x_y_h_sdc1zexiantu.png  used on inpu
t line 330.
(pdftex.def)             Requested size: 284.52756pt x 223.43478pt.


Package fancyhdr Warning: \headheight is too small (12.0pt): 
(fancyhdr)                Make it at least 13.59999pt, for example:
(fancyhdr)                \setlength{\headheight}{13.59999pt}.
(fancyhdr)                You might also make \topmargin smaller to compensate:

(fancyhdr)                \addtolength{\topmargin}{-1.59999pt}.

[11 <./figures//kongtiao1xywdc.png (PNG copy)> <./figures//kong90_xz_wdcplan7.p
ng (PNG copy)> <./figures//kong45tiao_xz_wdcplan7.png (PNG copy)> <./figures//k
ong90tiao_xz_wdcplan7.png (PNG copy)>]

Package fancyhdr Warning: \headheight is too small (12.0pt): 
(fancyhdr)                Make it at least 13.59999pt, for example:
(fancyhdr)                \setlength{\headheight}{13.59999pt}.
(fancyhdr)                You might also make \topmargin smaller to compensate:

(fancyhdr)                \addtolength{\topmargin}{-1.59999pt}.

[12 <./figures//kongtiao2x_y_h_sdc1zexiantu.png (PNG copy)>]

Package fancyhdr Warning: \headheight is too small (12.0pt): 
(fancyhdr)                Make it at least 13.59999pt, for example:
(fancyhdr)                \setlength{\headheight}{13.59999pt}.
(fancyhdr)                You might also make \topmargin smaller to compensate:

(fancyhdr)                \addtolength{\topmargin}{-1.59999pt}.

[13]
Overfull \hbox (15.06787pt too wide) detected at line 423
[][]\OML/ntxmi/m/it/12 C \U/ntxmia/m/it/12 = [] \LMS/ntxsy/m/n/12  []  []
 []


Package fancyhdr Warning: \headheight is too small (12.0pt): 
(fancyhdr)                Make it at least 13.59999pt, for example:
(fancyhdr)                \setlength{\headheight}{13.59999pt}.
(fancyhdr)                You might also make \topmargin smaller to compensate:

(fancyhdr)                \addtolength{\topmargin}{-1.59999pt}.

[14]
<figures//q2_CADR_optimization_process.png, id=120, 722.7pt x 433.62pt>
File: figures//q2_CADR_optimization_process.png Graphic file (type png)
<use figures//q2_CADR_optimization_process.png>
Package pdftex.def Info: figures//q2_CADR_optimization_process.png  used on inp
ut line 438.
(pdftex.def)             Requested size: 284.52756pt x 170.71892pt.


pdfTeX warning: pdflatex.exe (file ./figures//jinghuaqi.pdf): PDF inclusion: fo
und PDF version <1.7>, but at most version <1.5> allowed
<figures//jinghuaqi.pdf, id=121, 845.1575pt x 597.23125pt>
File: figures//jinghuaqi.pdf Graphic file (type pdf)
<use figures//jinghuaqi.pdf>
Package pdftex.def Info: figures//jinghuaqi.pdf  used on input line 448.
(pdftex.def)             Requested size: 284.52756pt x 201.06018pt.

Package fancyhdr Warning: \headheight is too small (12.0pt): 
(fancyhdr)                Make it at least 13.59999pt, for example:
(fancyhdr)                \setlength{\headheight}{13.59999pt}.
(fancyhdr)                You might also make \topmargin smaller to compensate:

(fancyhdr)                \addtolength{\topmargin}{-1.59999pt}.

[15 <./figures//q2_CADR_optimization_process.png>]
<figures//q2_PM2.5_diff_30.0s.png, id=126, 462.528pt x 346.896pt>
File: figures//q2_PM2.5_diff_30.0s.png Graphic file (type png)
<use figures//q2_PM2.5_diff_30.0s.png>
Package pdftex.def Info: figures//q2_PM2.5_diff_30.0s.png  used on input line 4
56.
(pdftex.def)             Requested size: 124.96576pt x 93.72139pt.
<figures//q2_PM2.5_diff_300.0s.png, id=127, 462.528pt x 346.896pt>
File: figures//q2_PM2.5_diff_300.0s.png Graphic file (type png)
<use figures//q2_PM2.5_diff_300.0s.png>
Package pdftex.def Info: figures//q2_PM2.5_diff_300.0s.png  used on input line 
458.
(pdftex.def)             Requested size: 124.96576pt x 93.72139pt.
<figures//q2_PM2.5_diff_600.0s.png, id=128, 462.528pt x 346.896pt>
File: figures//q2_PM2.5_diff_600.0s.png Graphic file (type png)
<use figures//q2_PM2.5_diff_600.0s.png>
Package pdftex.def Info: figures//q2_PM2.5_diff_600.0s.png  used on input line 
460.
(pdftex.def)             Requested size: 124.96576pt x 93.72139pt.
<figures//q2_PM2.5_3-scatter_30.0s.png, id=129, 462.528pt x 346.896pt>
File: figures//q2_PM2.5_3-scatter_30.0s.png Graphic file (type png)
<use figures//q2_PM2.5_3-scatter_30.0s.png>
Package pdftex.def Info: figures//q2_PM2.5_3-scatter_30.0s.png  used on input l
ine 466.
(pdftex.def)             Requested size: 124.96576pt x 93.72139pt.
<figures//q2_PM2.5_3-scatter_300.0s.png, id=130, 462.528pt x 346.896pt>
File: figures//q2_PM2.5_3-scatter_300.0s.png Graphic file (type png)
<use figures//q2_PM2.5_3-scatter_300.0s.png>
Package pdftex.def Info: figures//q2_PM2.5_3-scatter_300.0s.png  used on input 
line 468.
(pdftex.def)             Requested size: 124.96576pt x 93.72139pt.
<figures//q2_PM2.5_3-scatter_600.0s.png, id=131, 462.528pt x 346.896pt>
File: figures//q2_PM2.5_3-scatter_600.0s.png Graphic file (type png)
<use figures//q2_PM2.5_3-scatter_600.0s.png>
Package pdftex.def Info: figures//q2_PM2.5_3-scatter_600.0s.png  used on input 
line 470.
(pdftex.def)             Requested size: 124.96576pt x 93.72139pt.


Package fancyhdr Warning: \headheight is too small (12.0pt): 
(fancyhdr)                Make it at least 13.59999pt, for example:
(fancyhdr)                \setlength{\headheight}{13.59999pt}.
(fancyhdr)                You might also make \topmargin smaller to compensate:

(fancyhdr)                \addtolength{\topmargin}{-1.59999pt}.

[16 <./figures//jinghuaqi.pdf, page is rotated 270 degrees> <./figures//q2_PM2.
5_diff_30.0s.png> <./figures//q2_PM2.5_diff_300.0s.png> <./figures//q2_PM2.5_di
ff_600.0s.png> <./figures//q2_PM2.5_3-scatter_30.0s.png> <./figures//q2_PM2.5_3
-scatter_300.0s.png> <./figures//q2_PM2.5_3-scatter_600.0s.png>]

pdfTeX warning: pdflatex.exe (file ./figures//PSO.pdf): PDF inclusion: found PD
F version <1.7>, but at most version <1.5> allowed
<figures//PSO.pdf, id=150, 844.95674pt x 597.432pt>
File: figures//PSO.pdf Graphic file (type pdf)
<use figures//PSO.pdf>
Package pdftex.def Info: figures//PSO.pdf  used on input line 495.
(pdftex.def)             Requested size: 284.52756pt x 201.17336pt.

Package fancyhdr Warning: \headheight is too small (12.0pt): 
(fancyhdr)                Make it at least 13.59999pt, for example:
(fancyhdr)                \setlength{\headheight}{13.59999pt}.
(fancyhdr)                You might also make \topmargin smaller to compensate:

(fancyhdr)                \addtolength{\topmargin}{-1.59999pt}.

[17]

Package fancyhdr Warning: \headheight is too small (12.0pt): 
(fancyhdr)                Make it at least 13.59999pt, for example:
(fancyhdr)                \setlength{\headheight}{13.59999pt}.
(fancyhdr)                You might also make \topmargin smaller to compensate:

(fancyhdr)                \addtolength{\topmargin}{-1.59999pt}.

[18 <./figures//PSO.pdf>]
<figures//q3_weet_pso.png, id=165, 722.7pt x 433.62pt>
File: figures//q3_weet_pso.png Graphic file (type png)
<use figures//q3_weet_pso.png>
Package pdftex.def Info: figures//q3_weet_pso.png  used on input line 528.
(pdftex.def)             Requested size: 284.52756pt x 170.71892pt.


pdfTeX warning: pdflatex.exe (file ./figures//jiashiqi.pdf): PDF inclusion: fou
nd PDF version <1.7>, but at most version <1.5> allowed
<figures//jiashiqi.pdf, id=166, 845.1575pt x 597.23125pt>
File: figures//jiashiqi.pdf Graphic file (type pdf)
<use figures//jiashiqi.pdf>
Package pdftex.def Info: figures//jiashiqi.pdf  used on input line 537.
(pdftex.def)             Requested size: 284.52756pt x 201.06018pt.

Package fancyhdr Warning: \headheight is too small (12.0pt): 
(fancyhdr)                Make it at least 13.59999pt, for example:
(fancyhdr)                \setlength{\headheight}{13.59999pt}.
(fancyhdr)                You might also make \topmargin smaller to compensate:

(fancyhdr)                \addtolength{\topmargin}{-1.59999pt}.

[19 <./figures//q3_weet_pso.png>]
<figures//q3_humidity_diff_30.0s.png, id=171, 462.528pt x 346.896pt>
File: figures//q3_humidity_diff_30.0s.png Graphic file (type png)
<use figures//q3_humidity_diff_30.0s.png>
Package pdftex.def Info: figures//q3_humidity_diff_30.0s.png  used on input lin
e 547.
(pdftex.def)             Requested size: 124.96576pt x 93.72139pt.
<figures//q3_humidity_diff_300.0s.png, id=172, 462.528pt x 346.896pt>
File: figures//q3_humidity_diff_300.0s.png Graphic file (type png)
<use figures//q3_humidity_diff_300.0s.png>
Package pdftex.def Info: figures//q3_humidity_diff_300.0s.png  used on input li
ne 549.
(pdftex.def)             Requested size: 124.96576pt x 93.72139pt.
<figures//q3_humidity_diff_600.0s.png, id=173, 462.528pt x 346.896pt>
File: figures//q3_humidity_diff_600.0s.png Graphic file (type png)
<use figures//q3_humidity_diff_600.0s.png>
Package pdftex.def Info: figures//q3_humidity_diff_600.0s.png  used on input li
ne 551.
(pdftex.def)             Requested size: 124.96576pt x 93.72139pt.
<figures//q3_humidity_scatter_30.0s.png, id=174, 462.528pt x 346.896pt>
File: figures//q3_humidity_scatter_30.0s.png Graphic file (type png)
<use figures//q3_humidity_scatter_30.0s.png>
Package pdftex.def Info: figures//q3_humidity_scatter_30.0s.png  used on input 
line 557.
(pdftex.def)             Requested size: 124.96576pt x 93.72139pt.
<figures//q3_humidity_scatter_300.0s.png, id=175, 462.528pt x 346.896pt>
File: figures//q3_humidity_scatter_300.0s.png Graphic file (type png)
<use figures//q3_humidity_scatter_300.0s.png>
Package pdftex.def Info: figures//q3_humidity_scatter_300.0s.png  used on input
 line 559.
(pdftex.def)             Requested size: 124.96576pt x 93.72139pt.
<figures//q3_humidity_scatter_600.0s.png, id=176, 462.528pt x 346.896pt>
File: figures//q3_humidity_scatter_600.0s.png Graphic file (type png)
<use figures//q3_humidity_scatter_600.0s.png>
Package pdftex.def Info: figures//q3_humidity_scatter_600.0s.png  used on input
 line 561.
(pdftex.def)             Requested size: 124.96576pt x 93.72139pt.


Package fancyhdr Warning: \headheight is too small (12.0pt): 
(fancyhdr)                Make it at least 13.59999pt, for example:
(fancyhdr)                \setlength{\headheight}{13.59999pt}.
(fancyhdr)                You might also make \topmargin smaller to compensate:

(fancyhdr)                \addtolength{\topmargin}{-1.59999pt}.

[20 <./figures//jiashiqi.pdf, page is rotated 270 degrees> <./figures//q3_humid
ity_diff_30.0s.png> <./figures//q3_humidity_diff_300.0s.png> <./figures//q3_hum
idity_diff_600.0s.png> <./figures//q3_humidity_scatter_30.0s.png> <./figures//q
3_humidity_scatter_300.0s.png> <./figures//q3_humidity_scatter_600.0s.png>]

Package fancyhdr Warning: \headheight is too small (12.0pt): 
(fancyhdr)                Make it at least 13.59999pt, for example:
(fancyhdr)                \setlength{\headheight}{13.59999pt}.
(fancyhdr)                You might also make \topmargin smaller to compensate:

(fancyhdr)                \addtolength{\topmargin}{-1.59999pt}.

[21]
<figures//q4_fitness_optimization_process.png, id=197, 722.7pt x 433.62pt>
File: figures//q4_fitness_optimization_process.png Graphic file (type png)
<use figures//q4_fitness_optimization_process.png>
Package pdftex.def Info: figures//q4_fitness_optimization_process.png  used on 
input line 636.
(pdftex.def)             Requested size: 227.62204pt x 136.57117pt.


Package fancyhdr Warning: \headheight is too small (12.0pt): 
(fancyhdr)                Make it at least 13.59999pt, for example:
(fancyhdr)                \setlength{\headheight}{13.59999pt}.
(fancyhdr)                You might also make \topmargin smaller to compensate:

(fancyhdr)                \addtolength{\topmargin}{-1.59999pt}.

[22]
<figures//q4_The_three_in_one_product.png, id=202, 361.35pt x 722.7pt>
File: figures//q4_The_three_in_one_product.png Graphic file (type png)
<use figures//q4_The_three_in_one_product.png>
Package pdftex.def Info: figures//q4_The_three_in_one_product.png  used on inpu
t line 644.
(pdftex.def)             Requested size: 83.3084pt x 166.61449pt.


pdfTeX warning: pdflatex.exe (file ./figures//three-one.pdf): PDF inclusion: fo
und PDF version <1.7>, but at most version <1.5> allowed
<figures//three-one.pdf, id=203, 845.1575pt x 597.23125pt>
File: figures//three-one.pdf Graphic file (type pdf)
<use figures//three-one.pdf>
Package pdftex.def Info: figures//three-one.pdf  used on input line 646.
(pdftex.def)             Requested size: 208.27417pt x 147.17499pt.

Package fancyhdr Warning: \headheight is too small (12.0pt): 
(fancyhdr)                Make it at least 13.59999pt, for example:
(fancyhdr)                \setlength{\headheight}{13.59999pt}.
(fancyhdr)                You might also make \topmargin smaller to compensate:

(fancyhdr)                \addtolength{\topmargin}{-1.59999pt}.

[23 <./figures//q4_fitness_optimization_process.png> <./figures//q4_The_three_i
n_one_product.png> <./figures//three-one.pdf, page is rotated 270 degrees>]
LaTeX Font Info:    Trying to load font information for OT1+ntxtt on input line
 675.

(e:/texlive/2022/texmf-dist/tex/latex/newtx/ot1ntxtt.fd
File: ot1ntxtt.fd 2012/04/20 v3.1
)
LaTeX Font Info:    Font shape `OT1/ntxtt/m/n' will be
(Font)              scaled to size 12.0pt on input line 675.

Underfull \hbox (badness 2376) in paragraph at lines 678--682
[]\OT1/minntx/m/n/12 Zhu, Y., Hinds, W. C., Kim, S., & Sioutas, C. Con-cen-tra-
tion and
 []


Underfull \hbox (badness 3503) in paragraph at lines 678--682
\OT1/minntx/m/n/12 size dis-tri-bu-tion of ul-tra-fine par-ti-cles near a ma-jo
r high-way. \OT1/ntxtlf/m/it/12 Jour-nal
 []


Underfull \hbox (badness 1571) in paragraph at lines 678--682
\OT1/ntxtlf/m/it/12 of the Air & Waste Man-age-ment As-so-ci-a-tion\OT1/minntx/
m/n/12 , \OT1/ntxtlf/b/n/12 52\OT1/minntx/m/n/12 (9), 1032--1042, 2002.
 []


Package fancyhdr Warning: \headheight is too small (12.0pt): 
(fancyhdr)                Make it at least 13.59999pt, for example:
(fancyhdr)                \setlength{\headheight}{13.59999pt}.
(fancyhdr)                You might also make \topmargin smaller to compensate:

(fancyhdr)                \addtolength{\topmargin}{-1.59999pt}.

[24] (e:/texlive/2022/texmf-dist/tex/latex/listings/lstlang1.sty
File: lstlang1.sty 2020/03/24 1.8d listings language file
)
LaTeX Font Info:    Font shape `OT1/ntxtt/m/n' will be
(Font)              scaled to size 10.95pt on input line 695.


AED: lastpage setting LastPage

Package fancyhdr Warning: \headheight is too small (12.0pt): 
(fancyhdr)                Make it at least 13.59999pt, for example:
(fancyhdr)                \setlength{\headheight}{13.59999pt}.
(fancyhdr)                You might also make \topmargin smaller to compensate:

(fancyhdr)                \addtolength{\topmargin}{-1.59999pt}.

[25] (./Bapmcm24212061.aux) ) 
Here is how much of TeX's memory you used:
 14883 strings out of 478268
 231216 string characters out of 5850345
 703703 words of memory out of 5000000
 32744 multiletter control sequences out of 15000+600000
 509788 words of font info for 115 fonts, out of 8000000 for 9000
 1141 hyphenation exceptions out of 8191
 84i,13n,131p,616b,1311s stack positions out of 10000i,1000n,20000p,200000b,200000s
{e:/texlive/2022/texmf-dist/fonts/enc/dvips/tex-gy
re/q-ts1.enc}{e:/texlive/2022/texmf-dist/fonts/enc/dvips/newtx/ntx-ot1-tlf.enc}
<e:/texlive/2022/texmf-dist/fonts/type1/public/newtx/NewTXMI.pfb><e:/texlive/20
22/texmf-dist/fonts/type1/public/newtx/NewTXMI7.pfb><e:/texlive/2022/texmf-dist
/fonts/type1/public/tex-gyre/qtmr.pfb><e:/texlive/2022/texmf-dist/fonts/type1/p
ublic/newtx/txexs.pfb><e:/texlive/2022/texmf-dist/fonts/type1/public/newtx/txmi
aX.pfb><e:/texlive/2022/texmf-dist/fonts/type1/public/newtx/txsys.pfb><e:/texli
ve/2022/texmf-dist/fonts/type1/public/txfonts/txtt.pfb><e:/texlive/2022/texmf-d
ist/fonts/type1/public/newtx/ztmb.pfb><e:/texlive/2022/texmf-dist/fonts/type1/p
ublic/newtx/ztmbi.pfb><e:/texlive/2022/texmf-dist/fonts/type1/public/newtx/ztmr
.pfb><e:/texlive/2022/texmf-dist/fonts/type1/public/newtx/ztmri.pfb>
Output written on Bapmcm24212061.pdf (28 pages, 8405378 bytes).
PDF statistics:
 274 PDF objects out of 1000 (max. 8388607)
 137 compressed objects within 2 object streams
 0 named destinations out of 1000 (max. 500000)
 211 words of extra memory for PDF output out of 10000 (max. 10000000)

